<?xml version="1.0" encoding="UTF-8"?>
<testng-results ignored="0" total="1" passed="1" failed="0" skipped="0">
  <reporter-output>
  </reporter-output>
  <suite started-at="2022-11-02T11:08:55 PDT" name="Suite" finished-at="2022-11-02T11:09:10 PDT" duration-ms="15448">
    <groups>
    </groups>
    <test started-at="2022-11-02T11:08:55 PDT" name="Testng1" finished-at="2022-11-02T11:09:10 PDT" duration-ms="15448">
      <class name="XPathAdvanced.XPath_Adv1">
        <test-method is-config="true" signature="launchApp()[pri:0, instance:XPathAdvanced.XPath_Adv1@38102d01]" started-at="2022-11-02T11:08:55 PDT" name="launchApp" finished-at="2022-11-02T11:09:00 PDT" duration-ms="5943" status="PASS">
          <reporter-output>
          </reporter-output>
        </test-method> <!-- launchApp -->
        <test-method signature="verifySeeMoreTest()[pri:0, instance:XPathAdvanced.XPath_Adv1@38102d01]" started-at="2022-11-02T11:09:00 PDT" name="verifySeeMoreTest" finished-at="2022-11-02T11:09:05 PDT" duration-ms="4224" status="PASS">
          <reporter-output>
          </reporter-output>
        </test-method> <!-- verifySeeMoreTest -->
        <test-method is-config="true" signature="closeApp()[pri:0, instance:XPathAdvanced.XPath_Adv1@38102d01]" started-at="2022-11-02T11:09:05 PDT" name="closeApp" finished-at="2022-11-02T11:09:10 PDT" duration-ms="5251" status="PASS">
          <reporter-output>
          </reporter-output>
        </test-method> <!-- closeApp -->
      </class> <!-- XPathAdvanced.XPath_Adv1 -->
    </test> <!-- Testng1 -->
  </suite> <!-- Suite -->
</testng-results>
