<?xml version="1.0" encoding="UTF-8"?>
<testng-results skipped="0" failed="0" total="1" passed="1">
  <reporter-output>
  </reporter-output>
  <suite name="Default suite" duration-ms="15630" started-at="2022-11-02T17:36:46Z" finished-at="2022-11-02T17:37:02Z">
    <groups>
    </groups>
    <test name="Default test" duration-ms="15630" started-at="2022-11-02T17:36:46Z" finished-at="2022-11-02T17:37:02Z">
      <class name="XPathAdvanced.XPath_Adv1">
        <test-method status="PASS" signature="launchApp()[pri:0, instance:XPathAdvanced.XPath_Adv1@27f674d]" name="launchApp" is-config="true" duration-ms="6287" started-at="2022-11-02T10:36:46Z" finished-at="2022-11-02T10:36:53Z">
          <reporter-output>
          </reporter-output>
        </test-method> <!-- launchApp -->
        <test-method status="PASS" signature="verifySeeMoreTest()[pri:0, instance:XPathAdvanced.XPath_Adv1@27f674d]" name="verifySeeMoreTest" duration-ms="4146" started-at="2022-11-02T10:36:53Z" finished-at="2022-11-02T10:36:57Z">
          <reporter-output>
          </reporter-output>
        </test-method> <!-- verifySeeMoreTest -->
        <test-method status="PASS" signature="closeApp()[pri:0, instance:XPathAdvanced.XPath_Adv1@27f674d]" name="closeApp" is-config="true" duration-ms="5186" started-at="2022-11-02T10:36:57Z" finished-at="2022-11-02T10:37:02Z">
          <reporter-output>
          </reporter-output>
        </test-method> <!-- closeApp -->
      </class> <!-- XPathAdvanced.XPath_Adv1 -->
    </test> <!-- Default test -->
  </suite> <!-- Default suite -->
</testng-results>
